2026-02-24 10:17:14 | INFO | app.core.logging:setup_logging:108 - Logging configured - Level: INFO, Format: text
2026-02-24 10:17:15 | INFO | app.services.s3_service:__init__:30 - S3 Service initialized with bucket: visual-ml-datasets-prod
2026-02-24 10:17:17 | INFO | app.ml.engine:register_node:48 - Registered ML node: upload_file
2026-02-24 10:17:17 | INFO | app.ml.engine:register_node:48 - Registered ML node: select_dataset
2026-02-24 10:17:17 | INFO | app.ml.engine:register_node:48 - Registered ML node: sample_dataset
2026-02-24 10:17:17 | INFO | app.ml.engine:register_node:48 - Registered ML node: preprocess
2026-02-24 10:17:17 | INFO | app.ml.engine:register_node:48 - Registered ML node: missing_value_handler
2026-02-24 10:17:17 | INFO | app.ml.engine:register_node:48 - Registered ML node: encoding
2026-02-24 10:17:17 | INFO | app.ml.engine:register_node:48 - Registered ML node: transformation
2026-02-24 10:17:17 | INFO | app.ml.engine:register_node:48 - Registered ML node: scaling
2026-02-24 10:17:17 | INFO | app.ml.engine:register_node:48 - Registered ML node: feature_selection
2026-02-24 10:17:17 | INFO | app.ml.engine:register_node:48 - Registered ML node: split
2026-02-24 10:17:17 | INFO | app.ml.engine:register_node:48 - Registered ML node: confusion_matrix
2026-02-24 10:17:17 | INFO | app.ml.engine:register_node:48 - Registered ML node: linear_regression
2026-02-24 10:17:17 | INFO | app.ml.engine:register_node:48 - Registered ML node: logistic_regression
2026-02-24 10:17:17 | INFO | app.ml.engine:register_node:48 - Registered ML node: decision_tree
2026-02-24 10:17:17 | INFO | app.ml.engine:register_node:48 - Registered ML node: random_forest
2026-02-24 10:17:17 | INFO | app.ml.engine:register_node:48 - Registered ML node: r2_score
2026-02-24 10:17:17 | INFO | app.ml.engine:register_node:48 - Registered ML node: mse_score
2026-02-24 10:17:17 | INFO | app.ml.engine:register_node:48 - Registered ML node: rmse_score
2026-02-24 10:17:17 | INFO | app.ml.engine:register_node:48 - Registered ML node: mae_score
2026-02-24 10:17:17 | INFO | app.ml.engine:register_node:48 - Registered ML node: table_view
2026-02-24 10:17:17 | INFO | app.ml.engine:register_node:48 - Registered ML node: data_preview
2026-02-24 10:17:17 | INFO | app.ml.engine:register_node:48 - Registered ML node: statistics_view
2026-02-24 10:17:17 | INFO | app.ml.engine:register_node:48 - Registered ML node: column_info
2026-02-24 10:17:17 | INFO | app.ml.engine:register_node:48 - Registered ML node: chart_view
2026-02-24 10:17:17 | INFO | app.ml.engine:register_node:48 - Registered ML node: image_dataset
2026-02-24 10:17:17 | INFO | app.ml.engine:register_node:48 - Registered ML node: image_preprocessing
2026-02-24 10:17:17 | INFO | app.ml.engine:register_node:48 - Registered ML node: image_augmentation
2026-02-24 10:17:17 | INFO | app.ml.engine:register_node:48 - Registered ML node: image_split
2026-02-24 10:17:17 | INFO | app.ml.engine:register_node:48 - Registered ML node: cnn_classifier
2026-02-24 10:17:17 | INFO | app.ml.engine:register_node:48 - Registered ML node: image_predictions
2026-02-24 10:17:18 | WARNING | app.core.security:_get_encryption_key:522 - Using generated encryption key - NOT SECURE FOR PRODUCTION!
2026-02-24 10:17:20 | INFO | main:lifespan:41 - Environment: production
2026-02-24 10:17:32 | INFO | main:lifespan:45 - Database tables initialized
2026-02-24 10:17:32 | INFO | main:lifespan:55 - Storage cleanup scheduler started
2026-02-24 10:17:32 | INFO | main:lifespan:57 - Application startup complete
2026-02-24 10:17:32 | INFO | app.utils.cleanup:start_cleanup_loop:131 - Storage cleanup scheduler started — interval: 12h, upload max age: 24h, model max age: 72h
2026-02-24 10:18:32 | INFO | app.utils.cleanup:run_cleanup_once:111 - Cleanup complete — uploads: 0 deleted (0.0 B freed) | models: 4 deleted (5.0 KB freed) | errors: 0
2026-02-24 10:20:26 | INFO | app.api.v1.pipelines:execute_pipeline_with_progress:320 - Pipeline streaming execution request: 1 nodes
2026-02-24 10:20:26 | INFO | app.ml.engine:execute_pipeline:591 - Executing pipeline with 1 nodes, 0 edges (dry_run=False)
2026-02-24 10:20:26 | INFO | app.ml.engine:execute_pipeline:614 - Execution order: ['image_dataset-1771908510035']
2026-02-24 10:20:26 | INFO | app.ml.engine:execute_node:159 - Executing node: image_dataset (dry_run=False)
2026-02-24 10:20:26 | INFO | app.ml.nodes.base:execute:186 - Executing node: image_dataset (ID: image_dataset-1771908510035)
2026-02-24 10:20:26 | INFO | app.ml.nodes.image_dataset_node:_execute:246 - Loading image dataset: Digits (8×8) (digits_8x8)
2026-02-24 10:20:27 | INFO | app.ml.nodes.image_dataset_node:_execute:267 - Image dataset loaded: Handwritten Digits (8×8) — 1797 images, 8×8×1, 10 classes, saved to uploads\img_20260224_045027_e03c5c05.csv
2026-02-24 10:20:27 | INFO | app.core.logging:log_ml_operation:125 - ML Operation: node_execution_image_dataset
2026-02-24 10:20:27 | INFO | app.core.logging:log_ml_operation:125 - ML Operation: node_execution_image_dataset
2026-02-24 10:20:27 | INFO | app.ml.engine:_execute_dag:501 - [DAG DEBUG] Stored result for image_dataset-1771908510035 (image_dataset): columns=['pixel_0', 'pixel_1', 'pixel_2', 'pixel_3', 'pixel_4', 'pixel_5', 'pixel_6', 'pixel_7', 'pixel_8', 'pixel_9', 'pixel_10', 'pixel_11', 'pixel_12', 'pixel_13', 'pixel_14', 'pixel_15', 'pixel_16', 'pixel_17', 'pixel_18', 'pixel_19', 'pixel_20', 'pixel_21', 'pixel_22', 'pixel_23', 'pixel_24', 'pixel_25', 'pixel_26', 'pixel_27', 'pixel_28', 'pixel_29', 'pixel_30', 'pixel_31', 'pixel_32', 'pixel_33', 'pixel_34', 'pixel_35', 'pixel_36', 'pixel_37', 'pixel_38', 'pixel_39', 'pixel_40', 'pixel_41', 'pixel_42', 'pixel_43', 'pixel_44', 'pixel_45', 'pixel_46', 'pixel_47', 'pixel_48', 'pixel_49', 'pixel_50', 'pixel_51', 'pixel_52', 'pixel_53', 'pixel_54', 'pixel_55', 'pixel_56', 'pixel_57', 'pixel_58', 'pixel_59', 'pixel_60', 'pixel_61', 'pixel_62', 'pixel_63', 'label']
2026-02-24 10:20:27 | INFO | app.ml.engine:_execute_dag:506 - Node image_dataset-1771908510035 (image_dataset) executed successfully
2026-02-24 10:20:27 | INFO | app.ml.engine:execute_pipeline:624 - Pipeline execution complete - 1 nodes executed in 429ms
2026-02-24 10:21:34 | INFO | app.api.v1.pipelines:execute_pipeline_with_progress:320 - Pipeline streaming execution request: 2 nodes
2026-02-24 10:21:34 | INFO | app.ml.engine:execute_pipeline:591 - Executing pipeline with 2 nodes, 1 edges (dry_run=False)
2026-02-24 10:21:34 | INFO | app.ml.engine:execute_pipeline:614 - Execution order: ['image_dataset-1771908510035', 'image_preprocessing-1771908688170']
2026-02-24 10:21:34 | INFO | app.ml.engine:execute_node:159 - Executing node: image_dataset (dry_run=False)
2026-02-24 10:21:34 | INFO | app.ml.nodes.base:execute:186 - Executing node: image_dataset (ID: image_dataset-1771908510035)
2026-02-24 10:21:34 | INFO | app.ml.nodes.image_dataset_node:_execute:246 - Loading image dataset: Digits (8×8) (digits_8x8)
2026-02-24 10:21:34 | INFO | app.ml.nodes.image_dataset_node:_execute:267 - Image dataset loaded: Handwritten Digits (8×8) — 1797 images, 8×8×1, 10 classes, saved to uploads\img_20260224_045134_a498e432.csv
2026-02-24 10:21:34 | INFO | app.core.logging:log_ml_operation:125 - ML Operation: node_execution_image_dataset
2026-02-24 10:21:34 | INFO | app.core.logging:log_ml_operation:125 - ML Operation: node_execution_image_dataset
2026-02-24 10:21:34 | INFO | app.ml.engine:_execute_dag:501 - [DAG DEBUG] Stored result for image_dataset-1771908510035 (image_dataset): columns=['pixel_0', 'pixel_1', 'pixel_2', 'pixel_3', 'pixel_4', 'pixel_5', 'pixel_6', 'pixel_7', 'pixel_8', 'pixel_9', 'pixel_10', 'pixel_11', 'pixel_12', 'pixel_13', 'pixel_14', 'pixel_15', 'pixel_16', 'pixel_17', 'pixel_18', 'pixel_19', 'pixel_20', 'pixel_21', 'pixel_22', 'pixel_23', 'pixel_24', 'pixel_25', 'pixel_26', 'pixel_27', 'pixel_28', 'pixel_29', 'pixel_30', 'pixel_31', 'pixel_32', 'pixel_33', 'pixel_34', 'pixel_35', 'pixel_36', 'pixel_37', 'pixel_38', 'pixel_39', 'pixel_40', 'pixel_41', 'pixel_42', 'pixel_43', 'pixel_44', 'pixel_45', 'pixel_46', 'pixel_47', 'pixel_48', 'pixel_49', 'pixel_50', 'pixel_51', 'pixel_52', 'pixel_53', 'pixel_54', 'pixel_55', 'pixel_56', 'pixel_57', 'pixel_58', 'pixel_59', 'pixel_60', 'pixel_61', 'pixel_62', 'pixel_63', 'label']
2026-02-24 10:21:34 | INFO | app.ml.engine:_execute_dag:506 - Node image_dataset-1771908510035 (image_dataset) executed successfully
2026-02-24 10:21:34 | INFO | app.ml.nodes.base:extract_primary_output:251 - [DAG DEBUG] extract_primary_output: image_dataset - Mapped dataset_id=img_20260224_045134_a498e432 -> dataset_id
2026-02-24 10:21:34 | INFO | app.ml.engine:_prepare_node_input:374 - [DAG DEBUG] Extracting from image_dataset -> image_preprocessing-1771908688170: dataset_id=img_20260224_045134_a498e432, target_column=NOT FOUND, columns=['pixel_0', 'pixel_1', 'pixel_2', 'pixel_3', 'pixel_4', 'pixel_5', 'pixel_6', 'pixel_7', 'pixel_8', 'pixel_9', 'pixel_10', 'pixel_11', 'pixel_12', 'pixel_13', 'pixel_14', 'pixel_15', 'pixel_16', 'pixel_17', 'pixel_18', 'pixel_19', 'pixel_20', 'pixel_21', 'pixel_22', 'pixel_23', 'pixel_24', 'pixel_25', 'pixel_26', 'pixel_27', 'pixel_28', 'pixel_29', 'pixel_30', 'pixel_31', 'pixel_32', 'pixel_33', 'pixel_34', 'pixel_35', 'pixel_36', 'pixel_37', 'pixel_38', 'pixel_39', 'pixel_40', 'pixel_41', 'pixel_42', 'pixel_43', 'pixel_44', 'pixel_45', 'pixel_46', 'pixel_47', 'pixel_48', 'pixel_49', 'pixel_50', 'pixel_51', 'pixel_52', 'pixel_53', 'pixel_54', 'pixel_55', 'pixel_56', 'pixel_57', 'pixel_58', 'pixel_59', 'pixel_60', 'pixel_61', 'pixel_62', 'pixel_63', 'label']
2026-02-24 10:21:34 | INFO | app.ml.engine:_prepare_node_input:413 - [DAG DEBUG] Forcing dataset_id from DAG: img_20260224_045134_a498e432
2026-02-24 10:21:34 | INFO | app.ml.engine:_prepare_node_input:431 - [DAG DEBUG] Final input for image_preprocessing-1771908688170: dataset_id=img_20260224_045134_a498e432, train_dataset_id=img_20260224_045134_a498e432, target_column=NOT FOUND, columns=['pixel_0', 'pixel_1', 'pixel_2', 'pixel_3', 'pixel_4', 'pixel_5', 'pixel_6', 'pixel_7', 'pixel_8', 'pixel_9', 'pixel_10', 'pixel_11', 'pixel_12', 'pixel_13', 'pixel_14', 'pixel_15', 'pixel_16', 'pixel_17', 'pixel_18', 'pixel_19', 'pixel_20', 'pixel_21', 'pixel_22', 'pixel_23', 'pixel_24', 'pixel_25', 'pixel_26', 'pixel_27', 'pixel_28', 'pixel_29', 'pixel_30', 'pixel_31', 'pixel_32', 'pixel_33', 'pixel_34', 'pixel_35', 'pixel_36', 'pixel_37', 'pixel_38', 'pixel_39', 'pixel_40', 'pixel_41', 'pixel_42', 'pixel_43', 'pixel_44', 'pixel_45', 'pixel_46', 'pixel_47', 'pixel_48', 'pixel_49', 'pixel_50', 'pixel_51', 'pixel_52', 'pixel_53', 'pixel_54', 'pixel_55', 'pixel_56', 'pixel_57', 'pixel_58', 'pixel_59', 'pixel_60', 'pixel_61', 'pixel_62', 'pixel_63', 'label'], total_keys=30
2026-02-24 10:21:34 | INFO | app.ml.engine:execute_node:159 - Executing node: image_preprocessing (dry_run=False)
2026-02-24 10:21:34 | INFO | app.ml.nodes.base:execute:186 - Executing node: image_preprocessing (ID: image_preprocessing-1771908688170)
2026-02-24 10:21:35 | INFO | app.ml.nodes.image_preprocessing_node:_execute:182 - Preprocessing 1797 images (8×8×1)
2026-02-24 10:21:35 | INFO | app.ml.nodes.image_preprocessing_node:_execute:224 - Preprocessed dataset saved: 1797 images, pixel range [0.0000, 16.0000], method=minmax
2026-02-24 10:21:35 | INFO | app.core.logging:log_ml_operation:125 - ML Operation: node_execution_image_preprocessing
2026-02-24 10:21:35 | INFO | app.core.logging:log_ml_operation:125 - ML Operation: node_execution_image_preprocessing
2026-02-24 10:21:35 | INFO | app.ml.engine:_execute_dag:501 - [DAG DEBUG] Stored result for image_preprocessing-1771908688170 (image_preprocessing): columns=['pixel_0', 'pixel_1', 'pixel_2', 'pixel_3', 'pixel_4', 'pixel_5', 'pixel_6', 'pixel_7', 'pixel_8', 'pixel_9', 'pixel_10', 'pixel_11', 'pixel_12', 'pixel_13', 'pixel_14', 'pixel_15', 'pixel_16', 'pixel_17', 'pixel_18', 'pixel_19', 'pixel_20', 'pixel_21', 'pixel_22', 'pixel_23', 'pixel_24', 'pixel_25', 'pixel_26', 'pixel_27', 'pixel_28', 'pixel_29', 'pixel_30', 'pixel_31', 'pixel_32', 'pixel_33', 'pixel_34', 'pixel_35', 'pixel_36', 'pixel_37', 'pixel_38', 'pixel_39', 'pixel_40', 'pixel_41', 'pixel_42', 'pixel_43', 'pixel_44', 'pixel_45', 'pixel_46', 'pixel_47', 'pixel_48', 'pixel_49', 'pixel_50', 'pixel_51', 'pixel_52', 'pixel_53', 'pixel_54', 'pixel_55', 'pixel_56', 'pixel_57', 'pixel_58', 'pixel_59', 'pixel_60', 'pixel_61', 'pixel_62', 'pixel_63', 'label']
2026-02-24 10:21:35 | INFO | app.ml.engine:_execute_dag:506 - Node image_preprocessing-1771908688170 (image_preprocessing) executed successfully
2026-02-24 10:21:35 | INFO | app.ml.engine:execute_pipeline:624 - Pipeline execution complete - 2 nodes executed in 843ms
2026-02-24 10:22:20 | INFO | app.api.v1.pipelines:execute_pipeline_with_progress:320 - Pipeline streaming execution request: 3 nodes
2026-02-24 10:22:20 | INFO | app.ml.engine:execute_pipeline:591 - Executing pipeline with 3 nodes, 2 edges (dry_run=False)
2026-02-24 10:22:20 | INFO | app.ml.engine:execute_pipeline:614 - Execution order: ['image_dataset-1771908510035', 'image_preprocessing-1771908688170', 'image_augmentation-1771908734123']
2026-02-24 10:22:20 | INFO | app.ml.engine:execute_node:159 - Executing node: image_dataset (dry_run=False)
2026-02-24 10:22:20 | INFO | app.ml.nodes.base:execute:186 - Executing node: image_dataset (ID: image_dataset-1771908510035)
2026-02-24 10:22:20 | INFO | app.ml.nodes.image_dataset_node:_execute:246 - Loading image dataset: Digits (8×8) (digits_8x8)
2026-02-24 10:22:20 | INFO | app.ml.nodes.image_dataset_node:_execute:267 - Image dataset loaded: Handwritten Digits (8×8) — 1797 images, 8×8×1, 10 classes, saved to uploads\img_20260224_045220_0ece78ac.csv
2026-02-24 10:22:20 | INFO | app.core.logging:log_ml_operation:125 - ML Operation: node_execution_image_dataset
2026-02-24 10:22:20 | INFO | app.core.logging:log_ml_operation:125 - ML Operation: node_execution_image_dataset
2026-02-24 10:22:20 | INFO | app.ml.engine:_execute_dag:501 - [DAG DEBUG] Stored result for image_dataset-1771908510035 (image_dataset): columns=['pixel_0', 'pixel_1', 'pixel_2', 'pixel_3', 'pixel_4', 'pixel_5', 'pixel_6', 'pixel_7', 'pixel_8', 'pixel_9', 'pixel_10', 'pixel_11', 'pixel_12', 'pixel_13', 'pixel_14', 'pixel_15', 'pixel_16', 'pixel_17', 'pixel_18', 'pixel_19', 'pixel_20', 'pixel_21', 'pixel_22', 'pixel_23', 'pixel_24', 'pixel_25', 'pixel_26', 'pixel_27', 'pixel_28', 'pixel_29', 'pixel_30', 'pixel_31', 'pixel_32', 'pixel_33', 'pixel_34', 'pixel_35', 'pixel_36', 'pixel_37', 'pixel_38', 'pixel_39', 'pixel_40', 'pixel_41', 'pixel_42', 'pixel_43', 'pixel_44', 'pixel_45', 'pixel_46', 'pixel_47', 'pixel_48', 'pixel_49', 'pixel_50', 'pixel_51', 'pixel_52', 'pixel_53', 'pixel_54', 'pixel_55', 'pixel_56', 'pixel_57', 'pixel_58', 'pixel_59', 'pixel_60', 'pixel_61', 'pixel_62', 'pixel_63', 'label']
2026-02-24 10:22:20 | INFO | app.ml.engine:_execute_dag:506 - Node image_dataset-1771908510035 (image_dataset) executed successfully
2026-02-24 10:22:20 | INFO | app.ml.nodes.base:extract_primary_output:251 - [DAG DEBUG] extract_primary_output: image_dataset - Mapped dataset_id=img_20260224_045220_0ece78ac -> dataset_id
2026-02-24 10:22:20 | INFO | app.ml.engine:_prepare_node_input:374 - [DAG DEBUG] Extracting from image_dataset -> image_preprocessing-1771908688170: dataset_id=img_20260224_045220_0ece78ac, target_column=NOT FOUND, columns=['pixel_0', 'pixel_1', 'pixel_2', 'pixel_3', 'pixel_4', 'pixel_5', 'pixel_6', 'pixel_7', 'pixel_8', 'pixel_9', 'pixel_10', 'pixel_11', 'pixel_12', 'pixel_13', 'pixel_14', 'pixel_15', 'pixel_16', 'pixel_17', 'pixel_18', 'pixel_19', 'pixel_20', 'pixel_21', 'pixel_22', 'pixel_23', 'pixel_24', 'pixel_25', 'pixel_26', 'pixel_27', 'pixel_28', 'pixel_29', 'pixel_30', 'pixel_31', 'pixel_32', 'pixel_33', 'pixel_34', 'pixel_35', 'pixel_36', 'pixel_37', 'pixel_38', 'pixel_39', 'pixel_40', 'pixel_41', 'pixel_42', 'pixel_43', 'pixel_44', 'pixel_45', 'pixel_46', 'pixel_47', 'pixel_48', 'pixel_49', 'pixel_50', 'pixel_51', 'pixel_52', 'pixel_53', 'pixel_54', 'pixel_55', 'pixel_56', 'pixel_57', 'pixel_58', 'pixel_59', 'pixel_60', 'pixel_61', 'pixel_62', 'pixel_63', 'label']
2026-02-24 10:22:20 | INFO | app.ml.engine:_prepare_node_input:413 - [DAG DEBUG] Forcing dataset_id from DAG: img_20260224_045220_0ece78ac
2026-02-24 10:22:20 | INFO | app.ml.engine:_prepare_node_input:431 - [DAG DEBUG] Final input for image_preprocessing-1771908688170: dataset_id=img_20260224_045220_0ece78ac, train_dataset_id=img_20260224_045220_0ece78ac, target_column=NOT FOUND, columns=['pixel_0', 'pixel_1', 'pixel_2', 'pixel_3', 'pixel_4', 'pixel_5', 'pixel_6', 'pixel_7', 'pixel_8', 'pixel_9', 'pixel_10', 'pixel_11', 'pixel_12', 'pixel_13', 'pixel_14', 'pixel_15', 'pixel_16', 'pixel_17', 'pixel_18', 'pixel_19', 'pixel_20', 'pixel_21', 'pixel_22', 'pixel_23', 'pixel_24', 'pixel_25', 'pixel_26', 'pixel_27', 'pixel_28', 'pixel_29', 'pixel_30', 'pixel_31', 'pixel_32', 'pixel_33', 'pixel_34', 'pixel_35', 'pixel_36', 'pixel_37', 'pixel_38', 'pixel_39', 'pixel_40', 'pixel_41', 'pixel_42', 'pixel_43', 'pixel_44', 'pixel_45', 'pixel_46', 'pixel_47', 'pixel_48', 'pixel_49', 'pixel_50', 'pixel_51', 'pixel_52', 'pixel_53', 'pixel_54', 'pixel_55', 'pixel_56', 'pixel_57', 'pixel_58', 'pixel_59', 'pixel_60', 'pixel_61', 'pixel_62', 'pixel_63', 'label'], total_keys=30
2026-02-24 10:22:20 | INFO | app.ml.engine:execute_node:159 - Executing node: image_preprocessing (dry_run=False)
2026-02-24 10:22:20 | INFO | app.ml.nodes.base:execute:186 - Executing node: image_preprocessing (ID: image_preprocessing-1771908688170)
2026-02-24 10:22:20 | INFO | app.ml.nodes.image_preprocessing_node:_execute:182 - Preprocessing 1797 images (8×8×1)
2026-02-24 10:22:21 | INFO | app.ml.nodes.image_preprocessing_node:_execute:224 - Preprocessed dataset saved: 1797 images, pixel range [0.0000, 16.0000], method=minmax
2026-02-24 10:22:21 | INFO | app.core.logging:log_ml_operation:125 - ML Operation: node_execution_image_preprocessing
2026-02-24 10:22:21 | INFO | app.core.logging:log_ml_operation:125 - ML Operation: node_execution_image_preprocessing
2026-02-24 10:22:21 | INFO | app.ml.engine:_execute_dag:501 - [DAG DEBUG] Stored result for image_preprocessing-1771908688170 (image_preprocessing): columns=['pixel_0', 'pixel_1', 'pixel_2', 'pixel_3', 'pixel_4', 'pixel_5', 'pixel_6', 'pixel_7', 'pixel_8', 'pixel_9', 'pixel_10', 'pixel_11', 'pixel_12', 'pixel_13', 'pixel_14', 'pixel_15', 'pixel_16', 'pixel_17', 'pixel_18', 'pixel_19', 'pixel_20', 'pixel_21', 'pixel_22', 'pixel_23', 'pixel_24', 'pixel_25', 'pixel_26', 'pixel_27', 'pixel_28', 'pixel_29', 'pixel_30', 'pixel_31', 'pixel_32', 'pixel_33', 'pixel_34', 'pixel_35', 'pixel_36', 'pixel_37', 'pixel_38', 'pixel_39', 'pixel_40', 'pixel_41', 'pixel_42', 'pixel_43', 'pixel_44', 'pixel_45', 'pixel_46', 'pixel_47', 'pixel_48', 'pixel_49', 'pixel_50', 'pixel_51', 'pixel_52', 'pixel_53', 'pixel_54', 'pixel_55', 'pixel_56', 'pixel_57', 'pixel_58', 'pixel_59', 'pixel_60', 'pixel_61', 'pixel_62', 'pixel_63', 'label']
2026-02-24 10:22:21 | INFO | app.ml.engine:_execute_dag:506 - Node image_preprocessing-1771908688170 (image_preprocessing) executed successfully
2026-02-24 10:22:21 | INFO | app.ml.nodes.base:extract_primary_output:251 - [DAG DEBUG] extract_primary_output: image_preprocessing - Mapped preprocessed_dataset_id=imgpp_20260224_045220_4cedddbc -> dataset_id
2026-02-24 10:22:21 | INFO | app.ml.engine:_prepare_node_input:374 - [DAG DEBUG] Extracting from image_preprocessing -> image_augmentation-1771908734123: dataset_id=imgpp_20260224_045220_4cedddbc, target_column=NOT FOUND, columns=['pixel_0', 'pixel_1', 'pixel_2', 'pixel_3', 'pixel_4', 'pixel_5', 'pixel_6', 'pixel_7', 'pixel_8', 'pixel_9', 'pixel_10', 'pixel_11', 'pixel_12', 'pixel_13', 'pixel_14', 'pixel_15', 'pixel_16', 'pixel_17', 'pixel_18', 'pixel_19', 'pixel_20', 'pixel_21', 'pixel_22', 'pixel_23', 'pixel_24', 'pixel_25', 'pixel_26', 'pixel_27', 'pixel_28', 'pixel_29', 'pixel_30', 'pixel_31', 'pixel_32', 'pixel_33', 'pixel_34', 'pixel_35', 'pixel_36', 'pixel_37', 'pixel_38', 'pixel_39', 'pixel_40', 'pixel_41', 'pixel_42', 'pixel_43', 'pixel_44', 'pixel_45', 'pixel_46', 'pixel_47', 'pixel_48', 'pixel_49', 'pixel_50', 'pixel_51', 'pixel_52', 'pixel_53', 'pixel_54', 'pixel_55', 'pixel_56', 'pixel_57', 'pixel_58', 'pixel_59', 'pixel_60', 'pixel_61', 'pixel_62', 'pixel_63', 'label']
2026-02-24 10:22:21 | INFO | app.ml.engine:_prepare_node_input:413 - [DAG DEBUG] Forcing dataset_id from DAG: imgpp_20260224_045220_4cedddbc
2026-02-24 10:22:21 | INFO | app.ml.engine:_prepare_node_input:431 - [DAG DEBUG] Final input for image_augmentation-1771908734123: dataset_id=imgpp_20260224_045220_4cedddbc, train_dataset_id=imgpp_20260224_045220_4cedddbc, target_column=NOT FOUND, columns=['pixel_0', 'pixel_1', 'pixel_2', 'pixel_3', 'pixel_4', 'pixel_5', 'pixel_6', 'pixel_7', 'pixel_8', 'pixel_9', 'pixel_10', 'pixel_11', 'pixel_12', 'pixel_13', 'pixel_14', 'pixel_15', 'pixel_16', 'pixel_17', 'pixel_18', 'pixel_19', 'pixel_20', 'pixel_21', 'pixel_22', 'pixel_23', 'pixel_24', 'pixel_25', 'pixel_26', 'pixel_27', 'pixel_28', 'pixel_29', 'pixel_30', 'pixel_31', 'pixel_32', 'pixel_33', 'pixel_34', 'pixel_35', 'pixel_36', 'pixel_37', 'pixel_38', 'pixel_39', 'pixel_40', 'pixel_41', 'pixel_42', 'pixel_43', 'pixel_44', 'pixel_45', 'pixel_46', 'pixel_47', 'pixel_48', 'pixel_49', 'pixel_50', 'pixel_51', 'pixel_52', 'pixel_53', 'pixel_54', 'pixel_55', 'pixel_56', 'pixel_57', 'pixel_58', 'pixel_59', 'pixel_60', 'pixel_61', 'pixel_62', 'pixel_63', 'label'], total_keys=31
2026-02-24 10:22:21 | INFO | app.ml.engine:execute_node:159 - Executing node: image_augmentation (dry_run=False)
2026-02-24 10:22:21 | INFO | app.ml.nodes.base:execute:186 - Executing node: image_augmentation (ID: image_augmentation-1771908734123)
2026-02-24 10:22:21 | INFO | app.ml.nodes.image_augmentation_node:_execute:193 - Augmenting 1797 images with factor 1 (h_flip=True, rotate=15°, brightness=0.2, noise=0.05)
2026-02-24 10:22:23 | INFO | app.ml.nodes.image_augmentation_node:_execute:257 - Augmentation complete: 1797 → 3594 images (+1797 augmented)
2026-02-24 10:22:23 | INFO | app.core.logging:log_ml_operation:125 - ML Operation: node_execution_image_augmentation
2026-02-24 10:22:23 | INFO | app.core.logging:log_ml_operation:125 - ML Operation: node_execution_image_augmentation
2026-02-24 10:22:23 | INFO | app.ml.engine:_execute_dag:501 - [DAG DEBUG] Stored result for image_augmentation-1771908734123 (image_augmentation): columns=['pixel_0', 'pixel_1', 'pixel_2', 'pixel_3', 'pixel_4', 'pixel_5', 'pixel_6', 'pixel_7', 'pixel_8', 'pixel_9', 'pixel_10', 'pixel_11', 'pixel_12', 'pixel_13', 'pixel_14', 'pixel_15', 'pixel_16', 'pixel_17', 'pixel_18', 'pixel_19', 'pixel_20', 'pixel_21', 'pixel_22', 'pixel_23', 'pixel_24', 'pixel_25', 'pixel_26', 'pixel_27', 'pixel_28', 'pixel_29', 'pixel_30', 'pixel_31', 'pixel_32', 'pixel_33', 'pixel_34', 'pixel_35', 'pixel_36', 'pixel_37', 'pixel_38', 'pixel_39', 'pixel_40', 'pixel_41', 'pixel_42', 'pixel_43', 'pixel_44', 'pixel_45', 'pixel_46', 'pixel_47', 'pixel_48', 'pixel_49', 'pixel_50', 'pixel_51', 'pixel_52', 'pixel_53', 'pixel_54', 'pixel_55', 'pixel_56', 'pixel_57', 'pixel_58', 'pixel_59', 'pixel_60', 'pixel_61', 'pixel_62', 'pixel_63', 'label']
2026-02-24 10:22:23 | INFO | app.ml.engine:_execute_dag:506 - Node image_augmentation-1771908734123 (image_augmentation) executed successfully
2026-02-24 10:22:23 | INFO | app.ml.engine:execute_pipeline:624 - Pipeline execution complete - 3 nodes executed in 2911ms
2026-02-24 10:24:14 | INFO | app.api.v1.pipelines:execute_pipeline_with_progress:320 - Pipeline streaming execution request: 4 nodes
2026-02-24 10:24:14 | INFO | app.ml.engine:execute_pipeline:591 - Executing pipeline with 4 nodes, 3 edges (dry_run=False)
2026-02-24 10:24:14 | INFO | app.ml.engine:execute_pipeline:614 - Execution order: ['image_dataset-1771908510035', 'image_preprocessing-1771908688170', 'image_augmentation-1771908734123', 'image_split-1771908846512']
2026-02-24 10:24:14 | INFO | app.ml.engine:execute_node:159 - Executing node: image_dataset (dry_run=False)
2026-02-24 10:24:14 | INFO | app.ml.nodes.base:execute:186 - Executing node: image_dataset (ID: image_dataset-1771908510035)
2026-02-24 10:24:14 | INFO | app.ml.nodes.image_dataset_node:_execute:246 - Loading image dataset: Digits (8×8) (digits_8x8)
2026-02-24 10:24:14 | INFO | app.ml.nodes.image_dataset_node:_execute:267 - Image dataset loaded: Handwritten Digits (8×8) — 1797 images, 8×8×1, 10 classes, saved to uploads\img_20260224_045414_637e611f.csv
2026-02-24 10:24:14 | INFO | app.core.logging:log_ml_operation:125 - ML Operation: node_execution_image_dataset
2026-02-24 10:24:14 | INFO | app.core.logging:log_ml_operation:125 - ML Operation: node_execution_image_dataset
2026-02-24 10:24:14 | INFO | app.ml.engine:_execute_dag:501 - [DAG DEBUG] Stored result for image_dataset-1771908510035 (image_dataset): columns=['pixel_0', 'pixel_1', 'pixel_2', 'pixel_3', 'pixel_4', 'pixel_5', 'pixel_6', 'pixel_7', 'pixel_8', 'pixel_9', 'pixel_10', 'pixel_11', 'pixel_12', 'pixel_13', 'pixel_14', 'pixel_15', 'pixel_16', 'pixel_17', 'pixel_18', 'pixel_19', 'pixel_20', 'pixel_21', 'pixel_22', 'pixel_23', 'pixel_24', 'pixel_25', 'pixel_26', 'pixel_27', 'pixel_28', 'pixel_29', 'pixel_30', 'pixel_31', 'pixel_32', 'pixel_33', 'pixel_34', 'pixel_35', 'pixel_36', 'pixel_37', 'pixel_38', 'pixel_39', 'pixel_40', 'pixel_41', 'pixel_42', 'pixel_43', 'pixel_44', 'pixel_45', 'pixel_46', 'pixel_47', 'pixel_48', 'pixel_49', 'pixel_50', 'pixel_51', 'pixel_52', 'pixel_53', 'pixel_54', 'pixel_55', 'pixel_56', 'pixel_57', 'pixel_58', 'pixel_59', 'pixel_60', 'pixel_61', 'pixel_62', 'pixel_63', 'label']
2026-02-24 10:24:14 | INFO | app.ml.engine:_execute_dag:506 - Node image_dataset-1771908510035 (image_dataset) executed successfully
2026-02-24 10:24:14 | INFO | app.ml.nodes.base:extract_primary_output:251 - [DAG DEBUG] extract_primary_output: image_dataset - Mapped dataset_id=img_20260224_045414_637e611f -> dataset_id
2026-02-24 10:24:14 | INFO | app.ml.engine:_prepare_node_input:374 - [DAG DEBUG] Extracting from image_dataset -> image_preprocessing-1771908688170: dataset_id=img_20260224_045414_637e611f, target_column=NOT FOUND, columns=['pixel_0', 'pixel_1', 'pixel_2', 'pixel_3', 'pixel_4', 'pixel_5', 'pixel_6', 'pixel_7', 'pixel_8', 'pixel_9', 'pixel_10', 'pixel_11', 'pixel_12', 'pixel_13', 'pixel_14', 'pixel_15', 'pixel_16', 'pixel_17', 'pixel_18', 'pixel_19', 'pixel_20', 'pixel_21', 'pixel_22', 'pixel_23', 'pixel_24', 'pixel_25', 'pixel_26', 'pixel_27', 'pixel_28', 'pixel_29', 'pixel_30', 'pixel_31', 'pixel_32', 'pixel_33', 'pixel_34', 'pixel_35', 'pixel_36', 'pixel_37', 'pixel_38', 'pixel_39', 'pixel_40', 'pixel_41', 'pixel_42', 'pixel_43', 'pixel_44', 'pixel_45', 'pixel_46', 'pixel_47', 'pixel_48', 'pixel_49', 'pixel_50', 'pixel_51', 'pixel_52', 'pixel_53', 'pixel_54', 'pixel_55', 'pixel_56', 'pixel_57', 'pixel_58', 'pixel_59', 'pixel_60', 'pixel_61', 'pixel_62', 'pixel_63', 'label']
2026-02-24 10:24:14 | INFO | app.ml.engine:_prepare_node_input:413 - [DAG DEBUG] Forcing dataset_id from DAG: img_20260224_045414_637e611f
2026-02-24 10:24:14 | INFO | app.ml.engine:_prepare_node_input:431 - [DAG DEBUG] Final input for image_preprocessing-1771908688170: dataset_id=img_20260224_045414_637e611f, train_dataset_id=img_20260224_045414_637e611f, target_column=NOT FOUND, columns=['pixel_0', 'pixel_1', 'pixel_2', 'pixel_3', 'pixel_4', 'pixel_5', 'pixel_6', 'pixel_7', 'pixel_8', 'pixel_9', 'pixel_10', 'pixel_11', 'pixel_12', 'pixel_13', 'pixel_14', 'pixel_15', 'pixel_16', 'pixel_17', 'pixel_18', 'pixel_19', 'pixel_20', 'pixel_21', 'pixel_22', 'pixel_23', 'pixel_24', 'pixel_25', 'pixel_26', 'pixel_27', 'pixel_28', 'pixel_29', 'pixel_30', 'pixel_31', 'pixel_32', 'pixel_33', 'pixel_34', 'pixel_35', 'pixel_36', 'pixel_37', 'pixel_38', 'pixel_39', 'pixel_40', 'pixel_41', 'pixel_42', 'pixel_43', 'pixel_44', 'pixel_45', 'pixel_46', 'pixel_47', 'pixel_48', 'pixel_49', 'pixel_50', 'pixel_51', 'pixel_52', 'pixel_53', 'pixel_54', 'pixel_55', 'pixel_56', 'pixel_57', 'pixel_58', 'pixel_59', 'pixel_60', 'pixel_61', 'pixel_62', 'pixel_63', 'label'], total_keys=30
2026-02-24 10:24:14 | INFO | app.ml.engine:execute_node:159 - Executing node: image_preprocessing (dry_run=False)
2026-02-24 10:24:14 | INFO | app.ml.nodes.base:execute:186 - Executing node: image_preprocessing (ID: image_preprocessing-1771908688170)
2026-02-24 10:24:14 | INFO | app.ml.nodes.image_preprocessing_node:_execute:182 - Preprocessing 1797 images (8×8×1)
2026-02-24 10:24:15 | INFO | app.ml.nodes.image_preprocessing_node:_execute:224 - Preprocessed dataset saved: 1797 images, pixel range [0.0000, 16.0000], method=minmax
2026-02-24 10:24:15 | INFO | app.core.logging:log_ml_operation:125 - ML Operation: node_execution_image_preprocessing
2026-02-24 10:24:15 | INFO | app.core.logging:log_ml_operation:125 - ML Operation: node_execution_image_preprocessing
2026-02-24 10:24:15 | INFO | app.ml.engine:_execute_dag:501 - [DAG DEBUG] Stored result for image_preprocessing-1771908688170 (image_preprocessing): columns=['pixel_0', 'pixel_1', 'pixel_2', 'pixel_3', 'pixel_4', 'pixel_5', 'pixel_6', 'pixel_7', 'pixel_8', 'pixel_9', 'pixel_10', 'pixel_11', 'pixel_12', 'pixel_13', 'pixel_14', 'pixel_15', 'pixel_16', 'pixel_17', 'pixel_18', 'pixel_19', 'pixel_20', 'pixel_21', 'pixel_22', 'pixel_23', 'pixel_24', 'pixel_25', 'pixel_26', 'pixel_27', 'pixel_28', 'pixel_29', 'pixel_30', 'pixel_31', 'pixel_32', 'pixel_33', 'pixel_34', 'pixel_35', 'pixel_36', 'pixel_37', 'pixel_38', 'pixel_39', 'pixel_40', 'pixel_41', 'pixel_42', 'pixel_43', 'pixel_44', 'pixel_45', 'pixel_46', 'pixel_47', 'pixel_48', 'pixel_49', 'pixel_50', 'pixel_51', 'pixel_52', 'pixel_53', 'pixel_54', 'pixel_55', 'pixel_56', 'pixel_57', 'pixel_58', 'pixel_59', 'pixel_60', 'pixel_61', 'pixel_62', 'pixel_63', 'label']
2026-02-24 10:24:15 | INFO | app.ml.engine:_execute_dag:506 - Node image_preprocessing-1771908688170 (image_preprocessing) executed successfully
2026-02-24 10:24:15 | INFO | app.ml.nodes.base:extract_primary_output:251 - [DAG DEBUG] extract_primary_output: image_preprocessing - Mapped preprocessed_dataset_id=imgpp_20260224_045414_717d6044 -> dataset_id
2026-02-24 10:24:15 | INFO | app.ml.engine:_prepare_node_input:374 - [DAG DEBUG] Extracting from image_preprocessing -> image_augmentation-1771908734123: dataset_id=imgpp_20260224_045414_717d6044, target_column=NOT FOUND, columns=['pixel_0', 'pixel_1', 'pixel_2', 'pixel_3', 'pixel_4', 'pixel_5', 'pixel_6', 'pixel_7', 'pixel_8', 'pixel_9', 'pixel_10', 'pixel_11', 'pixel_12', 'pixel_13', 'pixel_14', 'pixel_15', 'pixel_16', 'pixel_17', 'pixel_18', 'pixel_19', 'pixel_20', 'pixel_21', 'pixel_22', 'pixel_23', 'pixel_24', 'pixel_25', 'pixel_26', 'pixel_27', 'pixel_28', 'pixel_29', 'pixel_30', 'pixel_31', 'pixel_32', 'pixel_33', 'pixel_34', 'pixel_35', 'pixel_36', 'pixel_37', 'pixel_38', 'pixel_39', 'pixel_40', 'pixel_41', 'pixel_42', 'pixel_43', 'pixel_44', 'pixel_45', 'pixel_46', 'pixel_47', 'pixel_48', 'pixel_49', 'pixel_50', 'pixel_51', 'pixel_52', 'pixel_53', 'pixel_54', 'pixel_55', 'pixel_56', 'pixel_57', 'pixel_58', 'pixel_59', 'pixel_60', 'pixel_61', 'pixel_62', 'pixel_63', 'label']
2026-02-24 10:24:15 | INFO | app.ml.engine:_prepare_node_input:413 - [DAG DEBUG] Forcing dataset_id from DAG: imgpp_20260224_045414_717d6044
2026-02-24 10:24:15 | INFO | app.ml.engine:_prepare_node_input:431 - [DAG DEBUG] Final input for image_augmentation-1771908734123: dataset_id=imgpp_20260224_045414_717d6044, train_dataset_id=imgpp_20260224_045414_717d6044, target_column=NOT FOUND, columns=['pixel_0', 'pixel_1', 'pixel_2', 'pixel_3', 'pixel_4', 'pixel_5', 'pixel_6', 'pixel_7', 'pixel_8', 'pixel_9', 'pixel_10', 'pixel_11', 'pixel_12', 'pixel_13', 'pixel_14', 'pixel_15', 'pixel_16', 'pixel_17', 'pixel_18', 'pixel_19', 'pixel_20', 'pixel_21', 'pixel_22', 'pixel_23', 'pixel_24', 'pixel_25', 'pixel_26', 'pixel_27', 'pixel_28', 'pixel_29', 'pixel_30', 'pixel_31', 'pixel_32', 'pixel_33', 'pixel_34', 'pixel_35', 'pixel_36', 'pixel_37', 'pixel_38', 'pixel_39', 'pixel_40', 'pixel_41', 'pixel_42', 'pixel_43', 'pixel_44', 'pixel_45', 'pixel_46', 'pixel_47', 'pixel_48', 'pixel_49', 'pixel_50', 'pixel_51', 'pixel_52', 'pixel_53', 'pixel_54', 'pixel_55', 'pixel_56', 'pixel_57', 'pixel_58', 'pixel_59', 'pixel_60', 'pixel_61', 'pixel_62', 'pixel_63', 'label'], total_keys=31
2026-02-24 10:24:15 | INFO | app.ml.engine:execute_node:159 - Executing node: image_augmentation (dry_run=False)
2026-02-24 10:24:15 | INFO | app.ml.nodes.base:execute:186 - Executing node: image_augmentation (ID: image_augmentation-1771908734123)
2026-02-24 10:24:15 | INFO | app.ml.nodes.image_augmentation_node:_execute:193 - Augmenting 1797 images with factor 1 (h_flip=True, rotate=15°, brightness=0.2, noise=0.05)
2026-02-24 10:24:16 | INFO | app.ml.nodes.image_augmentation_node:_execute:257 - Augmentation complete: 1797 → 3594 images (+1797 augmented)
2026-02-24 10:24:16 | INFO | app.core.logging:log_ml_operation:125 - ML Operation: node_execution_image_augmentation
2026-02-24 10:24:16 | INFO | app.core.logging:log_ml_operation:125 - ML Operation: node_execution_image_augmentation
2026-02-24 10:24:16 | INFO | app.ml.engine:_execute_dag:501 - [DAG DEBUG] Stored result for image_augmentation-1771908734123 (image_augmentation): columns=['pixel_0', 'pixel_1', 'pixel_2', 'pixel_3', 'pixel_4', 'pixel_5', 'pixel_6', 'pixel_7', 'pixel_8', 'pixel_9', 'pixel_10', 'pixel_11', 'pixel_12', 'pixel_13', 'pixel_14', 'pixel_15', 'pixel_16', 'pixel_17', 'pixel_18', 'pixel_19', 'pixel_20', 'pixel_21', 'pixel_22', 'pixel_23', 'pixel_24', 'pixel_25', 'pixel_26', 'pixel_27', 'pixel_28', 'pixel_29', 'pixel_30', 'pixel_31', 'pixel_32', 'pixel_33', 'pixel_34', 'pixel_35', 'pixel_36', 'pixel_37', 'pixel_38', 'pixel_39', 'pixel_40', 'pixel_41', 'pixel_42', 'pixel_43', 'pixel_44', 'pixel_45', 'pixel_46', 'pixel_47', 'pixel_48', 'pixel_49', 'pixel_50', 'pixel_51', 'pixel_52', 'pixel_53', 'pixel_54', 'pixel_55', 'pixel_56', 'pixel_57', 'pixel_58', 'pixel_59', 'pixel_60', 'pixel_61', 'pixel_62', 'pixel_63', 'label']
2026-02-24 10:24:16 | INFO | app.ml.engine:_execute_dag:506 - Node image_augmentation-1771908734123 (image_augmentation) executed successfully
2026-02-24 10:24:16 | INFO | app.ml.nodes.base:extract_primary_output:251 - [DAG DEBUG] extract_primary_output: image_augmentation - Mapped augmented_dataset_id=imgaug_20260224_045416_da845a66 -> dataset_id
2026-02-24 10:24:16 | INFO | app.ml.engine:_prepare_node_input:374 - [DAG DEBUG] Extracting from image_augmentation -> image_split-1771908846512: dataset_id=imgaug_20260224_045416_da845a66, target_column=NOT FOUND, columns=['pixel_0', 'pixel_1', 'pixel_2', 'pixel_3', 'pixel_4', 'pixel_5', 'pixel_6', 'pixel_7', 'pixel_8', 'pixel_9', 'pixel_10', 'pixel_11', 'pixel_12', 'pixel_13', 'pixel_14', 'pixel_15', 'pixel_16', 'pixel_17', 'pixel_18', 'pixel_19', 'pixel_20', 'pixel_21', 'pixel_22', 'pixel_23', 'pixel_24', 'pixel_25', 'pixel_26', 'pixel_27', 'pixel_28', 'pixel_29', 'pixel_30', 'pixel_31', 'pixel_32', 'pixel_33', 'pixel_34', 'pixel_35', 'pixel_36', 'pixel_37', 'pixel_38', 'pixel_39', 'pixel_40', 'pixel_41', 'pixel_42', 'pixel_43', 'pixel_44', 'pixel_45', 'pixel_46', 'pixel_47', 'pixel_48', 'pixel_49', 'pixel_50', 'pixel_51', 'pixel_52', 'pixel_53', 'pixel_54', 'pixel_55', 'pixel_56', 'pixel_57', 'pixel_58', 'pixel_59', 'pixel_60', 'pixel_61', 'pixel_62', 'pixel_63', 'label']
2026-02-24 10:24:16 | INFO | app.ml.engine:_prepare_node_input:413 - [DAG DEBUG] Forcing dataset_id from DAG: imgaug_20260224_045416_da845a66
2026-02-24 10:24:16 | INFO | app.ml.engine:_prepare_node_input:431 - [DAG DEBUG] Final input for image_split-1771908846512: dataset_id=imgaug_20260224_045416_da845a66, train_dataset_id=imgaug_20260224_045416_da845a66, target_column=NOT FOUND, columns=['pixel_0', 'pixel_1', 'pixel_2', 'pixel_3', 'pixel_4', 'pixel_5', 'pixel_6', 'pixel_7', 'pixel_8', 'pixel_9', 'pixel_10', 'pixel_11', 'pixel_12', 'pixel_13', 'pixel_14', 'pixel_15', 'pixel_16', 'pixel_17', 'pixel_18', 'pixel_19', 'pixel_20', 'pixel_21', 'pixel_22', 'pixel_23', 'pixel_24', 'pixel_25', 'pixel_26', 'pixel_27', 'pixel_28', 'pixel_29', 'pixel_30', 'pixel_31', 'pixel_32', 'pixel_33', 'pixel_34', 'pixel_35', 'pixel_36', 'pixel_37', 'pixel_38', 'pixel_39', 'pixel_40', 'pixel_41', 'pixel_42', 'pixel_43', 'pixel_44', 'pixel_45', 'pixel_46', 'pixel_47', 'pixel_48', 'pixel_49', 'pixel_50', 'pixel_51', 'pixel_52', 'pixel_53', 'pixel_54', 'pixel_55', 'pixel_56', 'pixel_57', 'pixel_58', 'pixel_59', 'pixel_60', 'pixel_61', 'pixel_62', 'pixel_63', 'label'], total_keys=28
2026-02-24 10:24:16 | INFO | app.ml.engine:execute_node:159 - Executing node: image_split (dry_run=False)
2026-02-24 10:24:16 | INFO | app.ml.nodes.base:execute:186 - Executing node: image_split (ID: image_split-1771908846512)
2026-02-24 10:24:17 | INFO | app.ml.nodes.image_split_node:_execute:128 - Splitting 3594 images: 80% train / 20% test
2026-02-24 10:24:17 | INFO | app.ml.nodes.image_split_node:_execute:160 - Image split complete: 2880 train + 714 test (stratify=True)
2026-02-24 10:24:17 | INFO | app.core.logging:log_ml_operation:125 - ML Operation: node_execution_image_split
2026-02-24 10:24:17 | INFO | app.core.logging:log_ml_operation:125 - ML Operation: node_execution_image_split
2026-02-24 10:24:17 | INFO | app.ml.engine:_execute_dag:506 - Node image_split-1771908846512 (image_split) executed successfully
2026-02-24 10:24:17 | INFO | app.ml.engine:execute_pipeline:624 - Pipeline execution complete - 4 nodes executed in 3384ms
2026-02-24 10:30:39 | INFO | main:lifespan:68 - Shutting down application
2026-02-24 10:30:44 | INFO | app.core.logging:setup_logging:108 - Logging configured - Level: INFO, Format: text
2026-02-24 10:30:49 | INFO | app.services.s3_service:__init__:30 - S3 Service initialized with bucket: visual-ml-datasets-prod
2026-02-24 10:31:05 | INFO | app.ml.engine:register_node:48 - Registered ML node: upload_file
2026-02-24 10:31:05 | INFO | app.ml.engine:register_node:48 - Registered ML node: select_dataset
2026-02-24 10:31:05 | INFO | app.ml.engine:register_node:48 - Registered ML node: sample_dataset
2026-02-24 10:31:05 | INFO | app.ml.engine:register_node:48 - Registered ML node: preprocess
2026-02-24 10:31:05 | INFO | app.ml.engine:register_node:48 - Registered ML node: missing_value_handler
2026-02-24 10:31:05 | INFO | app.ml.engine:register_node:48 - Registered ML node: encoding
2026-02-24 10:31:05 | INFO | app.ml.engine:register_node:48 - Registered ML node: transformation
2026-02-24 10:31:05 | INFO | app.ml.engine:register_node:48 - Registered ML node: scaling
2026-02-24 10:31:05 | INFO | app.ml.engine:register_node:48 - Registered ML node: feature_selection
2026-02-24 10:31:05 | INFO | app.ml.engine:register_node:48 - Registered ML node: split
2026-02-24 10:31:05 | INFO | app.ml.engine:register_node:48 - Registered ML node: confusion_matrix
2026-02-24 10:31:05 | INFO | app.ml.engine:register_node:48 - Registered ML node: linear_regression
2026-02-24 10:31:05 | INFO | app.ml.engine:register_node:48 - Registered ML node: logistic_regression
2026-02-24 10:31:05 | INFO | app.ml.engine:register_node:48 - Registered ML node: decision_tree
2026-02-24 10:31:05 | INFO | app.ml.engine:register_node:48 - Registered ML node: random_forest
2026-02-24 10:31:05 | INFO | app.ml.engine:register_node:48 - Registered ML node: r2_score
2026-02-24 10:31:05 | INFO | app.ml.engine:register_node:48 - Registered ML node: mse_score
2026-02-24 10:31:05 | INFO | app.ml.engine:register_node:48 - Registered ML node: rmse_score
2026-02-24 10:31:05 | INFO | app.ml.engine:register_node:48 - Registered ML node: mae_score
2026-02-24 10:31:05 | INFO | app.ml.engine:register_node:48 - Registered ML node: table_view
2026-02-24 10:31:05 | INFO | app.ml.engine:register_node:48 - Registered ML node: data_preview
2026-02-24 10:31:05 | INFO | app.ml.engine:register_node:48 - Registered ML node: statistics_view
2026-02-24 10:31:05 | INFO | app.ml.engine:register_node:48 - Registered ML node: column_info
2026-02-24 10:31:05 | INFO | app.ml.engine:register_node:48 - Registered ML node: chart_view
2026-02-24 10:31:05 | INFO | app.ml.engine:register_node:48 - Registered ML node: image_dataset
2026-02-24 10:31:05 | INFO | app.ml.engine:register_node:48 - Registered ML node: image_preprocessing
2026-02-24 10:31:05 | INFO | app.ml.engine:register_node:48 - Registered ML node: image_augmentation
2026-02-24 10:31:05 | INFO | app.ml.engine:register_node:48 - Registered ML node: image_split
2026-02-24 10:31:05 | INFO | app.ml.engine:register_node:48 - Registered ML node: cnn_classifier
2026-02-24 10:31:05 | INFO | app.ml.engine:register_node:48 - Registered ML node: image_predictions
2026-02-24 10:31:06 | WARNING | app.core.security:_get_encryption_key:522 - Using generated encryption key - NOT SECURE FOR PRODUCTION!
2026-02-24 10:31:09 | INFO | main:lifespan:41 - Environment: production
2026-02-24 10:31:23 | INFO | main:lifespan:45 - Database tables initialized
2026-02-24 10:31:23 | INFO | main:lifespan:55 - Storage cleanup scheduler started
2026-02-24 10:31:23 | INFO | main:lifespan:57 - Application startup complete
2026-02-24 10:31:23 | INFO | app.utils.cleanup:start_cleanup_loop:131 - Storage cleanup scheduler started — interval: 12h, upload max age: 24h, model max age: 72h
2026-02-24 10:32:23 | INFO | app.utils.cleanup:run_cleanup_once:111 - Cleanup complete — uploads: 0 deleted (0.0 B freed) | models: 0 deleted (0.0 B freed) | errors: 0
2026-02-24 10:40:11 | INFO | main:lifespan:68 - Shutting down application
2026-02-24 10:40:13 | INFO | app.core.logging:setup_logging:108 - Logging configured - Level: INFO, Format: text
2026-02-24 10:40:15 | INFO | app.services.s3_service:__init__:30 - S3 Service initialized with bucket: visual-ml-datasets-prod
2026-02-24 10:40:18 | INFO | app.ml.engine:register_node:48 - Registered ML node: upload_file
2026-02-24 10:40:18 | INFO | app.ml.engine:register_node:48 - Registered ML node: select_dataset
2026-02-24 10:40:18 | INFO | app.ml.engine:register_node:48 - Registered ML node: sample_dataset
2026-02-24 10:40:18 | INFO | app.ml.engine:register_node:48 - Registered ML node: preprocess
2026-02-24 10:40:18 | INFO | app.ml.engine:register_node:48 - Registered ML node: missing_value_handler
2026-02-24 10:40:18 | INFO | app.ml.engine:register_node:48 - Registered ML node: encoding
2026-02-24 10:40:18 | INFO | app.ml.engine:register_node:48 - Registered ML node: transformation
2026-02-24 10:40:18 | INFO | app.ml.engine:register_node:48 - Registered ML node: scaling
2026-02-24 10:40:18 | INFO | app.ml.engine:register_node:48 - Registered ML node: feature_selection
2026-02-24 10:40:18 | INFO | app.ml.engine:register_node:48 - Registered ML node: split
2026-02-24 10:40:18 | INFO | app.ml.engine:register_node:48 - Registered ML node: confusion_matrix
2026-02-24 10:40:18 | INFO | app.ml.engine:register_node:48 - Registered ML node: linear_regression
2026-02-24 10:40:18 | INFO | app.ml.engine:register_node:48 - Registered ML node: logistic_regression
2026-02-24 10:40:18 | INFO | app.ml.engine:register_node:48 - Registered ML node: decision_tree
2026-02-24 10:40:18 | INFO | app.ml.engine:register_node:48 - Registered ML node: random_forest
2026-02-24 10:40:18 | INFO | app.ml.engine:register_node:48 - Registered ML node: r2_score
2026-02-24 10:40:18 | INFO | app.ml.engine:register_node:48 - Registered ML node: mse_score
2026-02-24 10:40:18 | INFO | app.ml.engine:register_node:48 - Registered ML node: rmse_score
2026-02-24 10:40:18 | INFO | app.ml.engine:register_node:48 - Registered ML node: mae_score
2026-02-24 10:40:18 | INFO | app.ml.engine:register_node:48 - Registered ML node: table_view
2026-02-24 10:40:18 | INFO | app.ml.engine:register_node:48 - Registered ML node: data_preview
2026-02-24 10:40:18 | INFO | app.ml.engine:register_node:48 - Registered ML node: statistics_view
2026-02-24 10:40:18 | INFO | app.ml.engine:register_node:48 - Registered ML node: column_info
2026-02-24 10:40:18 | INFO | app.ml.engine:register_node:48 - Registered ML node: chart_view
2026-02-24 10:40:18 | INFO | app.ml.engine:register_node:48 - Registered ML node: image_dataset
2026-02-24 10:40:18 | INFO | app.ml.engine:register_node:48 - Registered ML node: image_preprocessing
2026-02-24 10:40:18 | INFO | app.ml.engine:register_node:48 - Registered ML node: image_augmentation
2026-02-24 10:40:18 | INFO | app.ml.engine:register_node:48 - Registered ML node: image_split
2026-02-24 10:40:18 | INFO | app.ml.engine:register_node:48 - Registered ML node: cnn_classifier
2026-02-24 10:40:18 | INFO | app.ml.engine:register_node:48 - Registered ML node: image_predictions
2026-02-24 10:40:19 | WARNING | app.core.security:_get_encryption_key:522 - Using generated encryption key - NOT SECURE FOR PRODUCTION!
2026-02-24 10:40:24 | INFO | main:lifespan:41 - Environment: production
2026-02-24 10:40:38 | INFO | main:lifespan:45 - Database tables initialized
2026-02-24 10:40:38 | INFO | main:lifespan:55 - Storage cleanup scheduler started
2026-02-24 10:40:38 | INFO | main:lifespan:57 - Application startup complete
2026-02-24 10:40:38 | INFO | app.utils.cleanup:start_cleanup_loop:131 - Storage cleanup scheduler started — interval: 12h, upload max age: 24h, model max age: 72h
2026-02-24 10:40:41 | INFO | app.core.logging:setup_logging:108 - Logging configured - Level: INFO, Format: text
2026-02-24 10:40:43 | INFO | app.services.s3_service:__init__:30 - S3 Service initialized with bucket: visual-ml-datasets-prod
2026-02-24 10:40:47 | INFO | app.ml.engine:register_node:48 - Registered ML node: upload_file
2026-02-24 10:40:47 | INFO | app.ml.engine:register_node:48 - Registered ML node: select_dataset
2026-02-24 10:40:47 | INFO | app.ml.engine:register_node:48 - Registered ML node: sample_dataset
2026-02-24 10:40:47 | INFO | app.ml.engine:register_node:48 - Registered ML node: preprocess
2026-02-24 10:40:47 | INFO | app.ml.engine:register_node:48 - Registered ML node: missing_value_handler
2026-02-24 10:40:47 | INFO | app.ml.engine:register_node:48 - Registered ML node: encoding
2026-02-24 10:40:47 | INFO | app.ml.engine:register_node:48 - Registered ML node: transformation
2026-02-24 10:40:47 | INFO | app.ml.engine:register_node:48 - Registered ML node: scaling
2026-02-24 10:40:47 | INFO | app.ml.engine:register_node:48 - Registered ML node: feature_selection
2026-02-24 10:40:47 | INFO | app.ml.engine:register_node:48 - Registered ML node: split
2026-02-24 10:40:47 | INFO | app.ml.engine:register_node:48 - Registered ML node: confusion_matrix
2026-02-24 10:40:47 | INFO | app.ml.engine:register_node:48 - Registered ML node: linear_regression
2026-02-24 10:40:47 | INFO | app.ml.engine:register_node:48 - Registered ML node: logistic_regression
2026-02-24 10:40:47 | INFO | app.ml.engine:register_node:48 - Registered ML node: decision_tree
2026-02-24 10:40:47 | INFO | app.ml.engine:register_node:48 - Registered ML node: random_forest
2026-02-24 10:40:47 | INFO | app.ml.engine:register_node:48 - Registered ML node: r2_score
2026-02-24 10:40:47 | INFO | app.ml.engine:register_node:48 - Registered ML node: mse_score
2026-02-24 10:40:47 | INFO | app.ml.engine:register_node:48 - Registered ML node: rmse_score
2026-02-24 10:40:47 | INFO | app.ml.engine:register_node:48 - Registered ML node: mae_score
2026-02-24 10:40:47 | INFO | app.ml.engine:register_node:48 - Registered ML node: table_view
2026-02-24 10:40:47 | INFO | app.ml.engine:register_node:48 - Registered ML node: data_preview
2026-02-24 10:40:47 | INFO | app.ml.engine:register_node:48 - Registered ML node: statistics_view
2026-02-24 10:40:47 | INFO | app.ml.engine:register_node:48 - Registered ML node: column_info
2026-02-24 10:40:48 | INFO | app.ml.engine:register_node:48 - Registered ML node: chart_view
2026-02-24 10:40:48 | INFO | app.ml.engine:register_node:48 - Registered ML node: image_dataset
2026-02-24 10:40:48 | INFO | app.ml.engine:register_node:48 - Registered ML node: image_preprocessing
2026-02-24 10:40:48 | INFO | app.ml.engine:register_node:48 - Registered ML node: image_augmentation
2026-02-24 10:40:48 | INFO | app.ml.engine:register_node:48 - Registered ML node: image_split
2026-02-24 10:40:48 | INFO | app.ml.engine:register_node:48 - Registered ML node: cnn_classifier
2026-02-24 10:40:48 | INFO | app.ml.engine:register_node:48 - Registered ML node: image_predictions
2026-02-24 10:40:49 | WARNING | app.core.security:_get_encryption_key:522 - Using generated encryption key - NOT SECURE FOR PRODUCTION!
2026-02-24 10:40:53 | INFO | main:lifespan:41 - Environment: production
2026-02-24 10:41:07 | INFO | main:lifespan:45 - Database tables initialized
2026-02-24 10:41:07 | INFO | main:lifespan:55 - Storage cleanup scheduler started
2026-02-24 10:41:07 | INFO | main:lifespan:57 - Application startup complete
2026-02-24 10:41:07 | INFO | app.utils.cleanup:start_cleanup_loop:131 - Storage cleanup scheduler started — interval: 12h, upload max age: 24h, model max age: 72h
2026-02-24 10:41:12 | INFO | app.core.logging:setup_logging:108 - Logging configured - Level: INFO, Format: text
2026-02-24 10:41:15 | INFO | app.services.s3_service:__init__:30 - S3 Service initialized with bucket: visual-ml-datasets-prod
2026-02-24 10:41:22 | INFO | app.ml.engine:register_node:48 - Registered ML node: upload_file
2026-02-24 10:41:22 | INFO | app.ml.engine:register_node:48 - Registered ML node: select_dataset
2026-02-24 10:41:22 | INFO | app.ml.engine:register_node:48 - Registered ML node: sample_dataset
2026-02-24 10:41:22 | INFO | app.ml.engine:register_node:48 - Registered ML node: preprocess
2026-02-24 10:41:22 | INFO | app.ml.engine:register_node:48 - Registered ML node: missing_value_handler
2026-02-24 10:41:22 | INFO | app.ml.engine:register_node:48 - Registered ML node: encoding
2026-02-24 10:41:22 | INFO | app.ml.engine:register_node:48 - Registered ML node: transformation
2026-02-24 10:41:22 | INFO | app.ml.engine:register_node:48 - Registered ML node: scaling
2026-02-24 10:41:22 | INFO | app.ml.engine:register_node:48 - Registered ML node: feature_selection
2026-02-24 10:41:22 | INFO | app.ml.engine:register_node:48 - Registered ML node: split
2026-02-24 10:41:22 | INFO | app.ml.engine:register_node:48 - Registered ML node: confusion_matrix
2026-02-24 10:41:22 | INFO | app.ml.engine:register_node:48 - Registered ML node: linear_regression
2026-02-24 10:41:22 | INFO | app.ml.engine:register_node:48 - Registered ML node: logistic_regression
2026-02-24 10:41:22 | INFO | app.ml.engine:register_node:48 - Registered ML node: decision_tree
2026-02-24 10:41:22 | INFO | app.ml.engine:register_node:48 - Registered ML node: random_forest
2026-02-24 10:41:22 | INFO | app.ml.engine:register_node:48 - Registered ML node: r2_score
2026-02-24 10:41:22 | INFO | app.ml.engine:register_node:48 - Registered ML node: mse_score
2026-02-24 10:41:22 | INFO | app.ml.engine:register_node:48 - Registered ML node: rmse_score
2026-02-24 10:41:22 | INFO | app.ml.engine:register_node:48 - Registered ML node: mae_score
2026-02-24 10:41:22 | INFO | app.ml.engine:register_node:48 - Registered ML node: table_view
2026-02-24 10:41:22 | INFO | app.ml.engine:register_node:48 - Registered ML node: data_preview
2026-02-24 10:41:22 | INFO | app.ml.engine:register_node:48 - Registered ML node: statistics_view
2026-02-24 10:41:22 | INFO | app.ml.engine:register_node:48 - Registered ML node: column_info
2026-02-24 10:41:22 | INFO | app.ml.engine:register_node:48 - Registered ML node: chart_view
2026-02-24 10:41:22 | INFO | app.ml.engine:register_node:48 - Registered ML node: image_dataset
2026-02-24 10:41:22 | INFO | app.ml.engine:register_node:48 - Registered ML node: camera_capture
2026-02-24 10:41:22 | INFO | app.ml.engine:register_node:48 - Registered ML node: image_preprocessing
2026-02-24 10:41:22 | INFO | app.ml.engine:register_node:48 - Registered ML node: image_augmentation
2026-02-24 10:41:22 | INFO | app.ml.engine:register_node:48 - Registered ML node: image_split
2026-02-24 10:41:22 | INFO | app.ml.engine:register_node:48 - Registered ML node: cnn_classifier
2026-02-24 10:41:22 | INFO | app.ml.engine:register_node:48 - Registered ML node: image_predictions
2026-02-24 10:41:23 | WARNING | app.core.security:_get_encryption_key:522 - Using generated encryption key - NOT SECURE FOR PRODUCTION!
2026-02-24 10:41:34 | INFO | main:lifespan:41 - Environment: production
2026-02-24 10:41:46 | INFO | main:lifespan:45 - Database tables initialized
2026-02-24 10:41:46 | INFO | main:lifespan:55 - Storage cleanup scheduler started
2026-02-24 10:41:46 | INFO | main:lifespan:57 - Application startup complete
2026-02-24 10:41:46 | INFO | app.utils.cleanup:start_cleanup_loop:131 - Storage cleanup scheduler started — interval: 12h, upload max age: 24h, model max age: 72h
2026-02-24 10:42:46 | INFO | app.utils.cleanup:run_cleanup_once:111 - Cleanup complete — uploads: 0 deleted (0.0 B freed) | models: 0 deleted (0.0 B freed) | errors: 0
